<?xml version="1.0" encoding="UTF-8"?>
<testng-results skipped="0" failed="0" total="1" passed="1">
  <reporter-output>
  </reporter-output>
  <suite name="Suite" duration-ms="14965" started-at="2020-07-28T17:45:18Z" finished-at="2020-07-28T17:45:33Z">
    <groups>
      <group name="cucumber">
        <method signature="AbstractTestNGCucumberTests.feature(cucumber.api.testng.CucumberFeatureWrapper)[pri:0, instance:bdd.runners.RunnerClass@531be3c5]" name="feature" class="cucumber.api.testng.AbstractTestNGCucumberTests"/>
      </group> <!-- cucumber -->
    </groups>
    <test name="Test" duration-ms="14965" started-at="2020-07-28T17:45:18Z" finished-at="2020-07-28T17:45:33Z">
      <class name="bdd.runners.RunnerClass">
        <test-method status="PASS" signature="setUpClass()[pri:0, instance:bdd.runners.RunnerClass@531be3c5]" name="setUpClass" is-config="true" duration-ms="261" started-at="2020-07-28T12:45:18Z" finished-at="2020-07-28T12:45:18Z">
          <reporter-output>
          </reporter-output>
        </test-method> <!-- setUpClass -->
        <test-method status="PASS" signature="feature(cucumber.api.testng.CucumberFeatureWrapper)[pri:0, instance:bdd.runners.RunnerClass@531be3c5]" name="feature" duration-ms="14070" started-at="2020-07-28T12:45:18Z" description="Runs Cucumber Feature" data-provider="features" finished-at="2020-07-28T12:45:32Z">
          <params>
            <param index="0">
              <value>
                <![CDATA[Users ability to create account]]>
              </value>
            </param>
          </params>
          <reporter-output>
          </reporter-output>
        </test-method> <!-- feature -->
        <test-method status="PASS" signature="writeExtentReport()[pri:0, instance:bdd.runners.RunnerClass@531be3c5]" name="writeExtentReport" is-config="true" duration-ms="14" started-at="2020-07-28T12:45:32Z" finished-at="2020-07-28T12:45:32Z">
          <reporter-output>
          </reporter-output>
        </test-method> <!-- writeExtentReport -->
        <test-method status="PASS" signature="tearDownClass()[pri:0, instance:bdd.runners.RunnerClass@531be3c5]" name="tearDownClass" is-config="true" duration-ms="526" started-at="2020-07-28T12:45:32Z" finished-at="2020-07-28T12:45:33Z">
          <reporter-output>
          </reporter-output>
        </test-method> <!-- tearDownClass -->
      </class> <!-- bdd.runners.RunnerClass -->
    </test> <!-- Test -->
  </suite> <!-- Suite -->
</testng-results>
