<?xml version="1.0" encoding="UTF-8"?>
<testng-results skipped="0" failed="0" total="1" passed="1">
  <reporter-output>
  </reporter-output>
  <suite name="Suite" duration-ms="15862" started-at="2020-07-29T19:47:42Z" finished-at="2020-07-29T19:47:58Z">
    <groups>
      <group name="cucumber">
        <method signature="AbstractTestNGCucumberTests.feature(cucumber.api.testng.CucumberFeatureWrapper)[pri:0, instance:bdd.runners.RunnerClass@531be3c5]" name="feature" class="cucumber.api.testng.AbstractTestNGCucumberTests"/>
      </group> <!-- cucumber -->
    </groups>
    <test name="Test" duration-ms="15862" started-at="2020-07-29T19:47:42Z" finished-at="2020-07-29T19:47:58Z">
      <class name="bdd.runners.RunnerClass">
        <test-method status="PASS" signature="setUpClass()[pri:0, instance:bdd.runners.RunnerClass@531be3c5]" name="setUpClass" is-config="true" duration-ms="202" started-at="2020-07-29T14:47:42Z" finished-at="2020-07-29T14:47:43Z">
          <reporter-output>
          </reporter-output>
        </test-method> <!-- setUpClass -->
        <test-method status="PASS" signature="feature(cucumber.api.testng.CucumberFeatureWrapper)[pri:0, instance:bdd.runners.RunnerClass@531be3c5]" name="feature" duration-ms="15021" started-at="2020-07-29T14:47:43Z" description="Runs Cucumber Feature" data-provider="features" finished-at="2020-07-29T14:47:58Z">
          <params>
            <param index="0">
              <value>
                <![CDATA[Users ability to create account]]>
              </value>
            </param>
          </params>
          <reporter-output>
          </reporter-output>
        </test-method> <!-- feature -->
        <test-method status="PASS" signature="writeExtentReport()[pri:0, instance:bdd.runners.RunnerClass@531be3c5]" name="writeExtentReport" is-config="true" duration-ms="20" started-at="2020-07-29T14:47:58Z" finished-at="2020-07-29T14:47:58Z">
          <reporter-output>
          </reporter-output>
        </test-method> <!-- writeExtentReport -->
        <test-method status="PASS" signature="tearDownClass()[pri:0, instance:bdd.runners.RunnerClass@531be3c5]" name="tearDownClass" is-config="true" duration-ms="545" started-at="2020-07-29T14:47:58Z" finished-at="2020-07-29T14:47:58Z">
          <reporter-output>
          </reporter-output>
        </test-method> <!-- tearDownClass -->
      </class> <!-- bdd.runners.RunnerClass -->
    </test> <!-- Test -->
  </suite> <!-- Suite -->
</testng-results>
