<?xml version="1.0" encoding="UTF-8"?>
<testng-results skipped="0" failed="0" total="1" passed="1">
  <reporter-output>
  </reporter-output>
  <suite name="Default suite" duration-ms="22646" started-at="2020-07-23T20:17:25Z" finished-at="2020-07-23T20:17:48Z">
    <groups>
      <group name="cucumber">
        <method signature="AbstractTestNGCucumberTests.feature(cucumber.api.testng.CucumberFeatureWrapper)[pri:0, instance:bdd.runners.RunnerClass@3e6fa38a]" name="feature" class="cucumber.api.testng.AbstractTestNGCucumberTests"/>
      </group> <!-- cucumber -->
    </groups>
    <test name="Default test" duration-ms="22646" started-at="2020-07-23T20:17:25Z" finished-at="2020-07-23T20:17:48Z">
      <class name="bdd.runners.RunnerClass">
        <test-method status="PASS" signature="setUpClass()[pri:0, instance:bdd.runners.RunnerClass@3e6fa38a]" name="setUpClass" is-config="true" duration-ms="244" started-at="2020-07-23T15:17:25Z" finished-at="2020-07-23T15:17:26Z">
          <reporter-output>
          </reporter-output>
        </test-method> <!-- setUpClass -->
        <test-method status="PASS" signature="feature(cucumber.api.testng.CucumberFeatureWrapper)[pri:0, instance:bdd.runners.RunnerClass@3e6fa38a]" name="feature" duration-ms="21866" started-at="2020-07-23T15:17:26Z" description="Runs Cucumber Feature" data-provider="features" finished-at="2020-07-23T15:17:48Z">
          <params>
            <param index="0">
              <value>
                <![CDATA[Users ability to create account]]>
              </value>
            </param>
          </params>
          <reporter-output>
          </reporter-output>
        </test-method> <!-- feature -->
        <test-method status="PASS" signature="writeExtentReport()[pri:0, instance:bdd.runners.RunnerClass@3e6fa38a]" name="writeExtentReport" is-config="true" duration-ms="12" started-at="2020-07-23T15:17:48Z" finished-at="2020-07-23T15:17:48Z">
          <reporter-output>
          </reporter-output>
        </test-method> <!-- writeExtentReport -->
        <test-method status="PASS" signature="tearDownClass()[pri:0, instance:bdd.runners.RunnerClass@3e6fa38a]" name="tearDownClass" is-config="true" duration-ms="447" started-at="2020-07-23T15:17:48Z" finished-at="2020-07-23T15:17:48Z">
          <reporter-output>
          </reporter-output>
        </test-method> <!-- tearDownClass -->
      </class> <!-- bdd.runners.RunnerClass -->
    </test> <!-- Default test -->
  </suite> <!-- Default suite -->
</testng-results>
